Using pre-set license
Built from '2020.3/staging' branch; Version is '2020.3.32f1 (12f8b0834f07) revision 1243312'; Using compiler version '192528614'; Build Type 'Release'
OS: 'Windows 10  (10.0.19044) 64bit Core' Language: 'ko' Physical Memory: 16322 MB
BatchMode: 1, IsHumanControllingUs: 0, StartBugReporterOnCrash: 0, Is64bit: 1, IsPro: 0

COMMAND LINE ARGUMENTS:
C:\Program Files\Unity\Hub\Editor\2020.3.32f1\Editor\Unity.exe
-adb2
-batchMode
-noUpm
-name
AssetImportWorker0
-projectPath
C:/Users/WooJaeMin/Desktop/C++/Unity/Bullet
-logFile
Logs/AssetImportWorker0.log
-srvPort
57777
Successfully changed project path to: C:/Users/WooJaeMin/Desktop/C++/Unity/Bullet
C:/Users/WooJaeMin/Desktop/C++/Unity/Bullet
Using Asset Import Pipeline V2.
Refreshing native plugins compatible for Editor in 67.60 ms, found 2 plugins.
Preloading 0 native plugins for Editor in 0.00 ms.
Initialize engine version: 2020.3.32f1 (12f8b0834f07)
[Subsystems] Discovering subsystems at path C:/Program Files/Unity/Hub/Editor/2020.3.32f1/Editor/Data/Resources/UnitySubsystems
[Subsystems] Discovering subsystems at path C:/Users/WooJaeMin/Desktop/C++/Unity/Bullet/Assets
GfxDevice: creating device client; threaded=0
Direct3D:
    Version:  Direct3D 11.0 [level 11.1]
    Renderer: NVIDIA GeForce RTX 2070 (ID=0x1f02)
    Vendor:   
    VRAM:     8031 MB
    Driver:   30.0.15.1179
Initialize mono
Mono path[0] = 'C:/Program Files/Unity/Hub/Editor/2020.3.32f1/Editor/Data/Managed'
Mono path[1] = 'C:/Program Files/Unity/Hub/Editor/2020.3.32f1/Editor/Data/MonoBleedingEdge/lib/mono/unityjit'
Mono config path = 'C:/Program Files/Unity/Hub/Editor/2020.3.32f1/Editor/Data/MonoBleedingEdge/etc'
Using monoOptions --debugger-agent=transport=dt_socket,embedding=1,server=y,suspend=n,address=127.0.0.1:56320
Begin MonoManager ReloadAssembly
Registering precompiled unity dll's ...
Register platform support module: C:/Program Files/Unity/Hub/Editor/2020.3.32f1/Editor/Data/PlaybackEngines/WindowsStandaloneSupport/UnityEditor.WindowsStandalone.Extensions.dll
Registered in 0.003818 seconds.
Native extension for WindowsStandalone target not found
Refreshing native plugins compatible for Editor in 50.23 ms, found 2 plugins.
Preloading 0 native plugins for Editor in 0.00 ms.
Mono: successfully reloaded assembly
- Completed reload, in  0.554 seconds
Domain Reload Profiling:
	ReloadAssembly (554ms)
		BeginReloadAssembly (80ms)
			ExecutionOrderSort (0ms)
			DisableScriptedObjects (0ms)
			BackupInstance (0ms)
			ReleaseScriptingObjects (0ms)
			CreateAndSetChildDomain (1ms)
		EndReloadAssembly (400ms)
			LoadAssemblies (76ms)
			RebuildTransferFunctionScriptingTraits (0ms)
			SetupTypeCache (126ms)
			ReleaseScriptCaches (0ms)
			RebuildScriptCaches (26ms)
			SetupLoadedEditorAssemblies (154ms)
				LogAssemblyErrors (0ms)
				InitializePlatformSupportModulesInManaged (4ms)
				SetLoadedEditorAssemblies (0ms)
				RefreshPlugins (50ms)
				BeforeProcessingInitializeOnLoad (7ms)
				ProcessInitializeOnLoadAttributes (68ms)
				ProcessInitializeOnLoadMethodAttributes (24ms)
				AfterProcessingInitializeOnLoad (0ms)
				EditorAssembliesLoaded (0ms)
			ExecutionOrderSort2 (0ms)
			AwakeInstancesAfterBackupRestoration (0ms)
Platform modules already initialized, skipping
Registering precompiled user dll's ...
Registered in 0.008052 seconds.
Begin MonoManager ReloadAssembly
Native extension for WindowsStandalone target not found
Refreshing native plugins compatible for Editor in 0.60 ms, found 2 plugins.
Preloading 0 native plugins for Editor in 0.00 ms.
Mono: successfully reloaded assembly
- Completed reload, in  1.000 seconds
Domain Reload Profiling:
	ReloadAssembly (1001ms)
		BeginReloadAssembly (152ms)
			ExecutionOrderSort (0ms)
			DisableScriptedObjects (4ms)
			BackupInstance (0ms)
			ReleaseScriptingObjects (0ms)
			CreateAndSetChildDomain (15ms)
		EndReloadAssembly (785ms)
			LoadAssemblies (119ms)
			RebuildTransferFunctionScriptingTraits (0ms)
			SetupTypeCache (239ms)
			ReleaseScriptCaches (0ms)
			RebuildScriptCaches (38ms)
			SetupLoadedEditorAssemblies (328ms)
				LogAssemblyErrors (0ms)
				InitializePlatformSupportModulesInManaged (4ms)
				SetLoadedEditorAssemblies (0ms)
				RefreshPlugins (1ms)
				BeforeProcessingInitializeOnLoad (76ms)
				ProcessInitializeOnLoadAttributes (176ms)
				ProcessInitializeOnLoadMethodAttributes (57ms)
				AfterProcessingInitializeOnLoad (13ms)
				EditorAssembliesLoaded (0ms)
			ExecutionOrderSort2 (0ms)
			AwakeInstancesAfterBackupRestoration (5ms)
Platform modules already initialized, skipping
========================================================================
Worker process is ready to serve import requests
Launched and connected shader compiler UnityShaderCompiler.exe after 0.07 seconds
Refreshing native plugins compatible for Editor in 0.58 ms, found 2 plugins.
Preloading 0 native plugins for Editor in 0.00 ms.
Unloading 2135 Unused Serialized files (Serialized files now loaded: 0)
System memory in use before: 86.0 MB.
System memory in use after: 86.1 MB.

Unloading 55 unused Assets to reduce memory usage. Loaded Objects now: 2543.
Total: 6.238800 ms (FindLiveObjects: 0.142500 ms CreateObjectMapping: 0.068200 ms MarkObjects: 5.950400 ms  DeleteObjects: 0.076600 ms)

AssetImportParameters requested are different than current active one (requested -> active):
  custom:framework-win-MediaFoundation: 216162199b28c13a410421893ffa2e32 -> 
  custom:video-decoder-ogg-theora: a1e56fd34408186e4bbccfd4996cb3dc -> 
  custom:container-muxer-webm: aa71ff27fc2769a1b78a27578f13a17b -> 
  custom:container-demuxer-webm: 4f35f7cbe854078d1ac9338744f61a02 -> 
  custom:container-demuxer-ogg: 62fdf1f143b41e24485cea50d1cbac27 -> 
  custom:video-encoder-webm-vp8: eb34c28f22e8b96e1ab97ce403110664 -> 
  custom:video-codec-MediaFoundation-h265: e54d7ab0439102e2317fc1e4b246158d -> 
  custom:video-decoder-webm-vp8: 9c59270c3fd7afecdb556c50c9e8de78 -> 
  custom:audio-decoder-ogg-vorbis: bf7c407c2cedff20999df2af8eb42d56 -> 
  custom:audio-encoder-webm-vorbis: bf7c407c2cedff20999df2af8eb42d56 -> 
========================================================================
Received Import Request.
  path: Assets/Player
  artifactKey: Guid(9de2489d80086074f9a8b9c79b6712f9) Importer(815301076,1909f56bfc062723c751e8b465ee728b)
Start importing Assets/Player using Guid(9de2489d80086074f9a8b9c79b6712f9) Importer(815301076,1909f56bfc062723c751e8b465ee728b)  -> (artifact id: '5a10ecfe682071303970ebf8e6676c51') in 0.008022 seconds 
========================================================================
Received Import Request.
  Time since last request: 159.398938 seconds.
  path: Assets/Bullet Spawner Color.mat
  artifactKey: Guid(346cefaa1dfce7d49ac098f8b5110cbd) Importer(815301076,1909f56bfc062723c751e8b465ee728b)
Start importing Assets/Bullet Spawner Color.mat using Guid(346cefaa1dfce7d49ac098f8b5110cbd) Importer(815301076,1909f56bfc062723c751e8b465ee728b)  -> (artifact id: 'd803c86a4ff6d0f836f65a7c99eb0767') in 0.114826 seconds 
========================================================================
Received Import Request.
  Time since last request: 0.000215 seconds.
  path: Assets/Plane color.mat
  artifactKey: Guid(4ee646ee6751eef469a5f42f5f749fbb) Importer(815301076,1909f56bfc062723c751e8b465ee728b)
Start importing Assets/Plane color.mat using Guid(4ee646ee6751eef469a5f42f5f749fbb) Importer(815301076,1909f56bfc062723c751e8b465ee728b)  -> (artifact id: 'a287b7d4d1791e65c71fabaf0b93023f') in 0.014728 seconds 
========================================================================
Received Import Request.
  Time since last request: 230.778609 seconds.
  path: Assets/Main.unity
  artifactKey: Guid(28c441e2b713cfa4188bc22cea1bbdf8) Importer(815301076,1909f56bfc062723c751e8b465ee728b)
Start importing Assets/Main.unity using Guid(28c441e2b713cfa4188bc22cea1bbdf8) Importer(815301076,1909f56bfc062723c751e8b465ee728b)  -> (artifact id: 'a90045eac5be2a53833659d38c126025') in 0.007053 seconds 
========================================================================
Received Import Request.
  Time since last request: 4.072334 seconds.
  path: Assets/Resources
  artifactKey: Guid(c2bc99791d7fbdc4a895807edc865923) Importer(815301076,1909f56bfc062723c751e8b465ee728b)
Start importing Assets/Resources using Guid(c2bc99791d7fbdc4a895807edc865923) Importer(815301076,1909f56bfc062723c751e8b465ee728b)  -> (artifact id: '765e6e090ecfb9cb984f63dbd531fec4') in 0.006620 seconds 
========================================================================
Received Import Request.
  Time since last request: 13.780561 seconds.
  path: Assets/Scenes
  artifactKey: Guid(aab4764cf8843e94a87d2371c29563c9) Importer(815301076,1909f56bfc062723c751e8b465ee728b)
Start importing Assets/Scenes using Guid(aab4764cf8843e94a87d2371c29563c9) Importer(815301076,1909f56bfc062723c751e8b465ee728b)  -> (artifact id: '552747be913569984d180a24c0e6895d') in 0.010057 seconds 
========================================================================
Received Import Request.
  Time since last request: 0.681701 seconds.
  path: Assets/Scenes/SampleScene.unity
  artifactKey: Guid(0efac74125529da48934e15a78723e26) Importer(815301076,1909f56bfc062723c751e8b465ee728b)
Start importing Assets/Scenes/SampleScene.unity using Guid(0efac74125529da48934e15a78723e26) Importer(815301076,1909f56bfc062723c751e8b465ee728b)  -> (artifact id: '7aa545dc3f34b50434ddd951f6530d72') in 0.006187 seconds 
AssetImportWorkerClient::OnTransportError - code=2 error=End of file
